<?xml version="1.0" encoding="UTF-8"?>
<!-- Generated by org.testng.reporters.JUnitReportReporter -->
<testsuite skipped="0" hostname="billah" name="com.BankingBillah.TestClass.TC_LinkedinStatusTest_001" tests="1" failures="0" timestamp="2020-07-07T17:33:09 BDT" time="28.632" errors="0">
  <testcase name="StatusGeneratorTest" time="28.632" classname="com.BankingBillah.TestClass.TC_LinkedinStatusTest_001"/>
  <system-out/>
</testsuite> <!-- com.BankingBillah.TestClass.TC_LinkedinStatusTest_001 -->
