<?xml version="1.0" encoding="UTF-8"?>
<!-- Generated by org.testng.reporters.JUnitReportReporter -->
<testsuite skipped="0" hostname="billah" name="com.BankingBillah.TestClass.TC_AddCustomerTest_003" tests="1" failures="0" timestamp="2020-07-06T17:06:34 BDT" time="27.185" errors="0">
  <testcase name="addNewCustomer" time="27.185" classname="com.BankingBillah.TestClass.TC_AddCustomerTest_003"/>
  <system-out/>
</testsuite> <!-- com.BankingBillah.TestClass.TC_AddCustomerTest_003 -->
