<?xml version="1.0" encoding="UTF-8"?>
<!-- Generated by org.testng.reporters.JUnitReportReporter -->
<testsuite skipped="0" hostname="billah" name="com.BankingBillah.TestClass.TC_EditCustomerTest_004" tests="1" failures="0" timestamp="2020-07-07T00:02:08 BDT" time="91.089" errors="0">
  <testcase name="editCustomer" time="91.089" classname="com.BankingBillah.TestClass.TC_EditCustomerTest_004"/>
  <system-out/>
</testsuite> <!-- com.BankingBillah.TestClass.TC_EditCustomerTest_004 -->
